[2026-05-27T21:34:45.755808+00:00] Loading pipeline…
[2026-05-27T21:34:45.875933+00:00] Large original (1696×2528, long edge 2528px): 768px tiles, 145px overlap, 50 steps, strength 0.04/0.05/0.05 (768px cap for 16 GB Mac VRAM)
[2026-05-27T21:34:45.876139+00:00] ~45 tile runs total (15 tiles × 3 passes)
[2026-05-27T21:35:00.588384+00:00] Pass 1/3 · tile 1/15 (2.2%)
[2026-05-27T21:42:17.114137+00:00] Pass 1/3 · tile 2/15 (4.4%)
[2026-05-27T21:47:17.919940+00:00] Pass 1/3 · tile 3/15 (6.7%)
[2026-05-27T21:47:47.864876+00:00] Pass 1/3 · tile 4/15 (8.9%)
[2026-05-27T21:54:29.544670+00:00] Pass 1/3 · tile 5/15 (11.1%)
[2026-05-27T22:01:07.285150+00:00] Pass 1/3 · tile 6/15 (13.3%)
[2026-05-27T22:01:42.864117+00:00] Pass 1/3 · tile 7/15 (15.6%)
[2026-05-27T22:08:13.755297+00:00] Pass 1/3 · tile 8/15 (17.8%)
[2026-05-27T22:14:19.133921+00:00] Pass 1/3 · tile 9/15 (20.0%)
[2026-05-27T22:14:51.944760+00:00] Pass 1/3 · tile 10/15 (22.2%)
[2026-05-27T22:17:21.623405+00:00] Pass 1/3 · tile 11/15 (24.4%)
[2026-05-27T22:19:38.914923+00:00] Pass 1/3 · tile 12/15 (26.7%)
[2026-05-27T22:20:11.266373+00:00] Pass 1/3 · tile 13/15 (28.9%)
[2026-05-27T22:20:12.638560+00:00] Pass 1/3 · tile 14/15 (31.1%)
[2026-05-27T22:20:13.139487+00:00] Pass 1/3 · tile 15/15 (33.3%)
[2026-05-27T22:20:14.456732+00:00] Pass 2/3 · tile 1/15 (35.6%)
[2026-05-27T22:26:30.476532+00:00] Pass 2/3 · tile 2/15 (37.8%)
[2026-05-27T22:32:18.081256+00:00] Pass 2/3 · tile 3/15 (40.0%)
[2026-05-27T22:32:50.271058+00:00] Pass 2/3 · tile 4/15 (42.2%)
[2026-05-27T22:37:23.180298+00:00] Pass 2/3 · tile 5/15 (44.4%)
[2026-05-27T22:41:44.604999+00:00] Pass 2/3 · tile 6/15 (46.7%)
[2026-05-27T22:42:09.696996+00:00] Pass 2/3 · tile 7/15 (48.9%)
[2026-05-27T22:46:29.944966+00:00] Pass 2/3 · tile 8/15 (51.1%)
[2026-05-27T22:52:27.789314+00:00] Pass 2/3 · tile 9/15 (53.3%)
[2026-05-27T22:52:57.311354+00:00] Pass 2/3 · tile 10/15 (55.6%)
[2026-05-27T22:55:45.703028+00:00] Pass 2/3 · tile 11/15 (57.8%)
[2026-05-27T22:58:44.566649+00:00] Pass 2/3 · tile 12/15 (60.0%)
[2026-05-27T22:59:07.213212+00:00] Pass 2/3 · tile 13/15 (62.2%)
[2026-05-27T22:59:09.139264+00:00] Pass 2/3 · tile 14/15 (64.4%)
[2026-05-27T22:59:09.598838+00:00] Pass 2/3 · tile 15/15 (66.7%)
[2026-05-27T22:59:10.452429+00:00] Pass 3/3 · tile 1/15 (68.9%)
[2026-05-27T23:03:30.739714+00:00] Pass 3/3 · tile 2/15 (71.1%)
[2026-05-27T23:08:06.306318+00:00] Pass 3/3 · tile 3/15 (73.3%)
[2026-05-27T23:08:30.262558+00:00] Pass 3/3 · tile 4/15 (75.6%)
[2026-05-27T23:13:34.035661+00:00] Pass 3/3 · tile 5/15 (77.8%)
[2026-05-27T23:17:28.965511+00:00] Pass 3/3 · tile 6/15 (80.0%)
[2026-05-27T23:17:51.980454+00:00] Pass 3/3 · tile 7/15 (82.2%)
[2026-05-27T23:23:15.603687+00:00] Pass 3/3 · tile 8/15 (84.4%)
[2026-05-27T23:27:12.279516+00:00] Pass 3/3 · tile 9/15 (86.7%)
[2026-05-27T23:27:35.733083+00:00] Pass 3/3 · tile 10/15 (88.9%)
[2026-05-27T23:30:45.511535+00:00] Pass 3/3 · tile 11/15 (91.1%)
[2026-05-27T23:32:30.030407+00:00] Pass 3/3 · tile 12/15 (93.3%)
[2026-05-27T23:32:50.452158+00:00] Pass 3/3 · tile 13/15 (95.6%)
[2026-05-27T23:32:51.010678+00:00] Pass 3/3 · tile 14/15 (97.8%)
[2026-05-27T23:32:51.471370+00:00] Pass 3/3 · tile 15/15 (100.0%)
[2026-05-27T23:32:53.439588+00:00] Saved → /Users/ash/dev/mobile_apps/cosmicfit/Resources/synthid_drop_desynthid/The-Devil-final-v2.png
[2026-05-27T23:32:53.439976+00:00] Done
